23.05.2023 - 12:48:18 - [TAB v3.3.2] An error was thrown when executing task
23.05.2023 - 12:48:18 - java.lang.NullPointerException: null
23.05.2023 - 12:49:55 - [TAB v3.3.2] An error was thrown when executing task
23.05.2023 - 12:49:55 - java.lang.NullPointerException: null
23.05.2023 - 12:51:51 - [TAB v3.3.2] An error was thrown when executing task
23.05.2023 - 12:51:51 - java.lang.NullPointerException: Cannot invoke "me.neznamy.tab.shared.features.PlaceholderManagerImpl.getPlaceholder(String)" because the return value of "me.neznamy.tab.shared.TAB.getPlaceholderManager()" is null
23.05.2023 - 12:51:51 - 	at TAB.v3.3.2.jar//me.neznamy.tab.shared.placeholders.TabPlaceholder.setPlaceholders(TabPlaceholder.java:136)
23.05.2023 - 12:51:51 - 	at TAB.v3.3.2.jar//me.neznamy.tab.shared.placeholders.PlayerPlaceholderImpl.updateValue(PlayerPlaceholderImpl.java:85)
23.05.2023 - 12:51:51 - 	at TAB.v3.3.2.jar//me.neznamy.tab.shared.placeholders.PlayerPlaceholderImpl.lambda$updateValue$0(PlayerPlaceholderImpl.java:91)
23.05.2023 - 12:51:51 - 	at TAB.v3.3.2.jar//me.neznamy.tab.shared.CpuManager.lambda$submit$1(CpuManager.java:84)
23.05.2023 - 12:51:51 - 	at java.base/java.util.concurrent.Executors$RunnableAdapter.call(Executors.java:539)
23.05.2023 - 12:51:51 - 	at java.base/java.util.concurrent.FutureTask.run(FutureTask.java:264)
23.05.2023 - 12:51:51 - 	at java.base/java.util.concurrent.ScheduledThreadPoolExecutor$ScheduledFutureTask.run(ScheduledThreadPoolExecutor.java:304)
23.05.2023 - 12:51:51 - 	at java.base/java.util.concurrent.ThreadPoolExecutor.runWorker(ThreadPoolExecutor.java:1136)
23.05.2023 - 12:51:51 - 	at java.base/java.util.concurrent.ThreadPoolExecutor$Worker.run(ThreadPoolExecutor.java:635)
23.05.2023 - 12:51:51 - 	at java.base/java.lang.Thread.run(Thread.java:833)
23.05.2023 - 12:52:28 - [TAB v3.3.2] An error was thrown when executing task
23.05.2023 - 12:52:28 - java.lang.NullPointerException: null
23.05.2023 - 12:52:40 - [TAB v3.3.2] An error was thrown when executing task
23.05.2023 - 12:52:40 - java.lang.NullPointerException: Cannot invoke "me.neznamy.tab.shared.features.PlaceholderManagerImpl.getPlaceholder(String)" because the return value of "me.neznamy.tab.shared.TAB.getPlaceholderManager()" is null
23.05.2023 - 12:52:40 - 	at TAB.v3.3.2.jar//me.neznamy.tab.shared.placeholders.TabPlaceholder.setPlaceholders(TabPlaceholder.java:136)
23.05.2023 - 12:52:40 - 	at TAB.v3.3.2.jar//me.neznamy.tab.shared.placeholders.PlayerPlaceholderImpl.updateValue(PlayerPlaceholderImpl.java:85)
23.05.2023 - 12:52:40 - 	at TAB.v3.3.2.jar//me.neznamy.tab.shared.placeholders.PlayerPlaceholderImpl.lambda$updateValue$0(PlayerPlaceholderImpl.java:91)
23.05.2023 - 12:52:40 - 	at TAB.v3.3.2.jar//me.neznamy.tab.shared.CpuManager.lambda$submit$1(CpuManager.java:84)
23.05.2023 - 12:52:40 - 	at java.base/java.util.concurrent.Executors$RunnableAdapter.call(Executors.java:539)
23.05.2023 - 12:52:40 - 	at java.base/java.util.concurrent.FutureTask.run(FutureTask.java:264)
23.05.2023 - 12:52:40 - 	at java.base/java.util.concurrent.ScheduledThreadPoolExecutor$ScheduledFutureTask.run(ScheduledThreadPoolExecutor.java:304)
23.05.2023 - 12:52:40 - 	at java.base/java.util.concurrent.ThreadPoolExecutor.runWorker(ThreadPoolExecutor.java:1136)
23.05.2023 - 12:52:40 - 	at java.base/java.util.concurrent.ThreadPoolExecutor$Worker.run(ThreadPoolExecutor.java:635)
23.05.2023 - 12:52:40 - 	at java.base/java.lang.Thread.run(Thread.java:833)
23.05.2023 - 12:55:13 - [TAB v3.3.2] An error was thrown when executing task
23.05.2023 - 12:55:13 - java.lang.NullPointerException: null
23.05.2023 - 14:05:04 - [TAB v3.3.2] An error was thrown when executing task
23.05.2023 - 14:05:04 - java.lang.NullPointerException: Cannot invoke "me.neznamy.tab.api.placeholder.PlaceholderManager.detectPlaceholders(String)" because the return value of "me.neznamy.tab.api.TabAPI.getPlaceholderManager()" is null
23.05.2023 - 14:05:04 - 	at TAB.v3.3.2.jar//me.neznamy.tab.shared.placeholders.TabPlaceholder.getNestedPlaceholders(TabPlaceholder.java:100)
23.05.2023 - 14:05:04 - 	at TAB.v3.3.2.jar//me.neznamy.tab.shared.placeholders.TabPlaceholder.setPlaceholders(TabPlaceholder.java:134)
23.05.2023 - 14:05:04 - 	at TAB.v3.3.2.jar//me.neznamy.tab.shared.placeholders.TabPlaceholder.set(TabPlaceholder.java:88)
23.05.2023 - 14:05:04 - 	at TAB.v3.3.2.jar//me.neznamy.tab.shared.placeholders.TabPlaceholder.setPlaceholders(TabPlaceholder.java:136)
23.05.2023 - 14:05:04 - 	at TAB.v3.3.2.jar//me.neznamy.tab.shared.placeholders.PlayerPlaceholderImpl.updateValue(PlayerPlaceholderImpl.java:85)
23.05.2023 - 14:05:04 - 	at TAB.v3.3.2.jar//me.neznamy.tab.shared.placeholders.PlayerPlaceholderImpl.lambda$updateValue$0(PlayerPlaceholderImpl.java:91)
23.05.2023 - 14:05:04 - 	at TAB.v3.3.2.jar//me.neznamy.tab.shared.CpuManager.lambda$submit$1(CpuManager.java:84)
23.05.2023 - 14:05:04 - 	at java.base/java.util.concurrent.Executors$RunnableAdapter.call(Executors.java:539)
23.05.2023 - 14:05:04 - 	at java.base/java.util.concurrent.FutureTask.run(FutureTask.java:264)
23.05.2023 - 14:05:04 - 	at java.base/java.util.concurrent.ScheduledThreadPoolExecutor$ScheduledFutureTask.run(ScheduledThreadPoolExecutor.java:304)
23.05.2023 - 14:05:04 - 	at java.base/java.util.concurrent.ThreadPoolExecutor.runWorker(ThreadPoolExecutor.java:1136)
23.05.2023 - 14:05:04 - 	at java.base/java.util.concurrent.ThreadPoolExecutor$Worker.run(ThreadPoolExecutor.java:635)
23.05.2023 - 14:05:04 - 	at java.base/java.lang.Thread.run(Thread.java:833)
23.05.2023 - 14:10:30 - [TAB v3.3.2] An error was thrown when executing task
23.05.2023 - 14:10:30 - java.lang.NullPointerException: Cannot invoke "me.neznamy.tab.shared.features.PlaceholderManagerImpl.getTabExpansion()" because the return value of "me.neznamy.tab.shared.TAB.getPlaceholderManager()" is null
23.05.2023 - 14:10:30 - 	at TAB.v3.3.2.jar//me.neznamy.tab.shared.placeholders.PlayerPlaceholderImpl.updateValue(PlayerPlaceholderImpl.java:88)
23.05.2023 - 14:10:30 - 	at TAB.v3.3.2.jar//me.neznamy.tab.shared.placeholders.PlayerPlaceholderImpl.lambda$updateValue$0(PlayerPlaceholderImpl.java:91)
23.05.2023 - 14:10:30 - 	at TAB.v3.3.2.jar//me.neznamy.tab.shared.CpuManager.lambda$submit$1(CpuManager.java:84)
23.05.2023 - 14:10:30 - 	at java.base/java.util.concurrent.Executors$RunnableAdapter.call(Executors.java:539)
23.05.2023 - 14:10:30 - 	at java.base/java.util.concurrent.FutureTask.run(FutureTask.java:264)
23.05.2023 - 14:10:30 - 	at java.base/java.util.concurrent.ScheduledThreadPoolExecutor$ScheduledFutureTask.run(ScheduledThreadPoolExecutor.java:304)
23.05.2023 - 14:10:30 - 	at java.base/java.util.concurrent.ThreadPoolExecutor.runWorker(ThreadPoolExecutor.java:1136)
23.05.2023 - 14:10:30 - 	at java.base/java.util.concurrent.ThreadPoolExecutor$Worker.run(ThreadPoolExecutor.java:635)
23.05.2023 - 14:10:30 - 	at java.base/java.lang.Thread.run(Thread.java:833)
23.05.2023 - 14:10:38 - [TAB v3.3.2] An error was thrown when executing task
23.05.2023 - 14:10:38 - java.lang.NullPointerException: null
23.05.2023 - 14:11:39 - [TAB v3.3.2] An error was thrown when executing task
23.05.2023 - 14:11:39 - java.lang.NullPointerException: Cannot invoke "me.neznamy.tab.shared.features.PlaceholderManagerImpl.getTabExpansion()" because the return value of "me.neznamy.tab.shared.TAB.getPlaceholderManager()" is null
23.05.2023 - 14:11:39 - 	at TAB.v3.3.2.jar//me.neznamy.tab.shared.placeholders.PlayerPlaceholderImpl.updateValue(PlayerPlaceholderImpl.java:88)
23.05.2023 - 14:11:39 - 	at TAB.v3.3.2.jar//me.neznamy.tab.shared.placeholders.PlayerPlaceholderImpl.lambda$updateValue$0(PlayerPlaceholderImpl.java:91)
23.05.2023 - 14:11:39 - 	at TAB.v3.3.2.jar//me.neznamy.tab.shared.CpuManager.lambda$submit$1(CpuManager.java:84)
23.05.2023 - 14:11:39 - 	at java.base/java.util.concurrent.Executors$RunnableAdapter.call(Executors.java:539)
23.05.2023 - 14:11:39 - 	at java.base/java.util.concurrent.FutureTask.run(FutureTask.java:264)
23.05.2023 - 14:11:39 - 	at java.base/java.util.concurrent.ScheduledThreadPoolExecutor$ScheduledFutureTask.run(ScheduledThreadPoolExecutor.java:304)
23.05.2023 - 14:11:39 - 	at java.base/java.util.concurrent.ThreadPoolExecutor.runWorker(ThreadPoolExecutor.java:1136)
23.05.2023 - 14:11:39 - 	at java.base/java.util.concurrent.ThreadPoolExecutor$Worker.run(ThreadPoolExecutor.java:635)
23.05.2023 - 14:11:39 - 	at java.base/java.lang.Thread.run(Thread.java:833)
23.05.2023 - 14:13:48 - [TAB v3.3.2] An error was thrown when executing task
23.05.2023 - 14:13:48 - java.lang.NullPointerException: Cannot invoke "me.neznamy.tab.shared.features.PlaceholderManagerImpl.getTabExpansion()" because the return value of "me.neznamy.tab.shared.TAB.getPlaceholderManager()" is null
23.05.2023 - 14:13:48 - 	at TAB.v3.3.2.jar//me.neznamy.tab.shared.placeholders.PlayerPlaceholderImpl.updateValue(PlayerPlaceholderImpl.java:88)
23.05.2023 - 14:13:48 - 	at TAB.v3.3.2.jar//me.neznamy.tab.shared.placeholders.PlayerPlaceholderImpl.lambda$updateValue$0(PlayerPlaceholderImpl.java:91)
23.05.2023 - 14:13:48 - 	at TAB.v3.3.2.jar//me.neznamy.tab.shared.CpuManager.lambda$submit$1(CpuManager.java:84)
23.05.2023 - 14:13:48 - 	at java.base/java.util.concurrent.Executors$RunnableAdapter.call(Executors.java:539)
23.05.2023 - 14:13:48 - 	at java.base/java.util.concurrent.FutureTask.run(FutureTask.java:264)
23.05.2023 - 14:13:48 - 	at java.base/java.util.concurrent.ScheduledThreadPoolExecutor$ScheduledFutureTask.run(ScheduledThreadPoolExecutor.java:304)
23.05.2023 - 14:13:48 - 	at java.base/java.util.concurrent.ThreadPoolExecutor.runWorker(ThreadPoolExecutor.java:1136)
23.05.2023 - 14:13:48 - 	at java.base/java.util.concurrent.ThreadPoolExecutor$Worker.run(ThreadPoolExecutor.java:635)
23.05.2023 - 14:13:48 - 	at java.base/java.lang.Thread.run(Thread.java:833)
23.05.2023 - 14:24:46 - [TAB v3.3.2] An error was thrown when executing task
23.05.2023 - 14:24:46 - java.lang.NullPointerException: Cannot invoke "me.neznamy.tab.shared.features.PlaceholderManagerImpl.getTabExpansion()" because the return value of "me.neznamy.tab.shared.TAB.getPlaceholderManager()" is null
23.05.2023 - 14:24:46 - 	at TAB.v3.3.2.jar//me.neznamy.tab.shared.placeholders.PlayerPlaceholderImpl.updateValue(PlayerPlaceholderImpl.java:88)
23.05.2023 - 14:24:46 - 	at TAB.v3.3.2.jar//me.neznamy.tab.shared.placeholders.PlayerPlaceholderImpl.lambda$updateValue$0(PlayerPlaceholderImpl.java:91)
23.05.2023 - 14:24:46 - 	at TAB.v3.3.2.jar//me.neznamy.tab.shared.CpuManager.lambda$submit$1(CpuManager.java:84)
23.05.2023 - 14:24:46 - 	at java.base/java.util.concurrent.Executors$RunnableAdapter.call(Executors.java:539)
23.05.2023 - 14:24:46 - 	at java.base/java.util.concurrent.FutureTask.run(FutureTask.java:264)
23.05.2023 - 14:24:46 - 	at java.base/java.util.concurrent.ScheduledThreadPoolExecutor$ScheduledFutureTask.run(ScheduledThreadPoolExecutor.java:304)
23.05.2023 - 14:24:46 - 	at java.base/java.util.concurrent.ThreadPoolExecutor.runWorker(ThreadPoolExecutor.java:1136)
23.05.2023 - 14:24:46 - 	at java.base/java.util.concurrent.ThreadPoolExecutor$Worker.run(ThreadPoolExecutor.java:635)
23.05.2023 - 14:24:46 - 	at java.base/java.lang.Thread.run(Thread.java:833)
23.05.2023 - 14:41:39 - [TAB v3.3.2] An error was thrown when executing task
23.05.2023 - 14:41:39 - java.lang.NullPointerException: Cannot invoke "me.neznamy.tab.shared.features.PlaceholderManagerImpl.getPlaceholder(String)" because the return value of "me.neznamy.tab.shared.TAB.getPlaceholderManager()" is null
23.05.2023 - 14:41:39 - 	at TAB.v3.3.2.jar//me.neznamy.tab.shared.placeholders.TabPlaceholder.setPlaceholders(TabPlaceholder.java:136)
23.05.2023 - 14:41:39 - 	at TAB.v3.3.2.jar//me.neznamy.tab.shared.placeholders.PlayerPlaceholderImpl.updateValue(PlayerPlaceholderImpl.java:85)
23.05.2023 - 14:41:39 - 	at TAB.v3.3.2.jar//me.neznamy.tab.shared.placeholders.PlayerPlaceholderImpl.lambda$updateValue$0(PlayerPlaceholderImpl.java:91)
23.05.2023 - 14:41:39 - 	at TAB.v3.3.2.jar//me.neznamy.tab.shared.CpuManager.lambda$submit$1(CpuManager.java:84)
23.05.2023 - 14:41:39 - 	at java.base/java.util.concurrent.Executors$RunnableAdapter.call(Executors.java:539)
23.05.2023 - 14:41:39 - 	at java.base/java.util.concurrent.FutureTask.run(FutureTask.java:264)
23.05.2023 - 14:41:39 - 	at java.base/java.util.concurrent.ScheduledThreadPoolExecutor$ScheduledFutureTask.run(ScheduledThreadPoolExecutor.java:304)
23.05.2023 - 14:41:39 - 	at java.base/java.util.concurrent.ThreadPoolExecutor.runWorker(ThreadPoolExecutor.java:1136)
23.05.2023 - 14:41:39 - 	at java.base/java.util.concurrent.ThreadPoolExecutor$Worker.run(ThreadPoolExecutor.java:635)
23.05.2023 - 14:41:39 - 	at java.base/java.lang.Thread.run(Thread.java:833)
23.05.2023 - 15:08:48 - [TAB v3.3.2] An error was thrown when executing task
23.05.2023 - 15:08:48 - java.lang.NullPointerException: Cannot invoke "me.neznamy.tab.shared.features.PlaceholderManagerImpl.getPlaceholder(String)" because the return value of "me.neznamy.tab.shared.TAB.getPlaceholderManager()" is null
23.05.2023 - 15:08:48 - 	at TAB.v3.3.2.jar//me.neznamy.tab.shared.placeholders.TabPlaceholder.setPlaceholders(TabPlaceholder.java:136)
23.05.2023 - 15:08:48 - 	at TAB.v3.3.2.jar//me.neznamy.tab.shared.placeholders.PlayerPlaceholderImpl.updateValue(PlayerPlaceholderImpl.java:85)
23.05.2023 - 15:08:48 - 	at TAB.v3.3.2.jar//me.neznamy.tab.shared.placeholders.PlayerPlaceholderImpl.lambda$updateValue$0(PlayerPlaceholderImpl.java:91)
23.05.2023 - 15:08:48 - 	at TAB.v3.3.2.jar//me.neznamy.tab.shared.CpuManager.lambda$submit$1(CpuManager.java:84)
23.05.2023 - 15:08:48 - 	at java.base/java.util.concurrent.Executors$RunnableAdapter.call(Executors.java:539)
23.05.2023 - 15:08:48 - 	at java.base/java.util.concurrent.FutureTask.run(FutureTask.java:264)
23.05.2023 - 15:08:48 - 	at java.base/java.util.concurrent.ScheduledThreadPoolExecutor$ScheduledFutureTask.run(ScheduledThreadPoolExecutor.java:304)
23.05.2023 - 15:08:48 - 	at java.base/java.util.concurrent.ThreadPoolExecutor.runWorker(ThreadPoolExecutor.java:1136)
23.05.2023 - 15:08:48 - 	at java.base/java.util.concurrent.ThreadPoolExecutor$Worker.run(ThreadPoolExecutor.java:635)
23.05.2023 - 15:08:48 - 	at java.base/java.lang.Thread.run(Thread.java:833)
23.05.2023 - 15:12:43 - [TAB v3.3.2] An error was thrown when executing task
23.05.2023 - 15:12:43 - java.lang.NullPointerException: Cannot invoke "me.neznamy.tab.shared.features.PlaceholderManagerImpl.getPlaceholder(String)" because the return value of "me.neznamy.tab.shared.TAB.getPlaceholderManager()" is null
23.05.2023 - 15:12:43 - 	at TAB.v3.3.2.jar//me.neznamy.tab.shared.placeholders.TabPlaceholder.setPlaceholders(TabPlaceholder.java:136)
23.05.2023 - 15:12:43 - 	at TAB.v3.3.2.jar//me.neznamy.tab.shared.placeholders.PlayerPlaceholderImpl.updateValue(PlayerPlaceholderImpl.java:85)
23.05.2023 - 15:12:43 - 	at TAB.v3.3.2.jar//me.neznamy.tab.shared.placeholders.PlayerPlaceholderImpl.lambda$updateValue$0(PlayerPlaceholderImpl.java:91)
23.05.2023 - 15:12:43 - 	at TAB.v3.3.2.jar//me.neznamy.tab.shared.CpuManager.lambda$submit$1(CpuManager.java:84)
23.05.2023 - 15:12:43 - 	at java.base/java.util.concurrent.Executors$RunnableAdapter.call(Executors.java:539)
23.05.2023 - 15:12:43 - 	at java.base/java.util.concurrent.FutureTask.run(FutureTask.java:264)
23.05.2023 - 15:12:43 - 	at java.base/java.util.concurrent.ScheduledThreadPoolExecutor$ScheduledFutureTask.run(ScheduledThreadPoolExecutor.java:304)
23.05.2023 - 15:12:43 - 	at java.base/java.util.concurrent.ThreadPoolExecutor.runWorker(ThreadPoolExecutor.java:1136)
23.05.2023 - 15:12:43 - 	at java.base/java.util.concurrent.ThreadPoolExecutor$Worker.run(ThreadPoolExecutor.java:635)
23.05.2023 - 15:12:43 - 	at java.base/java.lang.Thread.run(Thread.java:833)
23.05.2023 - 15:15:22 - [TAB v3.3.2] An error was thrown when executing task
23.05.2023 - 15:15:22 - java.lang.NullPointerException: null
23.05.2023 - 15:59:51 - [TAB v3.3.2] An error was thrown when executing task
23.05.2023 - 15:59:51 - java.lang.NullPointerException: Cannot invoke "me.neznamy.tab.shared.features.PlaceholderManagerImpl.getTabExpansion()" because the return value of "me.neznamy.tab.shared.TAB.getPlaceholderManager()" is null
23.05.2023 - 15:59:51 - 	at TAB.v3.3.2.jar//me.neznamy.tab.shared.placeholders.PlayerPlaceholderImpl.updateValue(PlayerPlaceholderImpl.java:88)
23.05.2023 - 15:59:51 - 	at TAB.v3.3.2.jar//me.neznamy.tab.shared.placeholders.PlayerPlaceholderImpl.lambda$updateValue$0(PlayerPlaceholderImpl.java:91)
23.05.2023 - 15:59:51 - 	at TAB.v3.3.2.jar//me.neznamy.tab.shared.CpuManager.lambda$submit$1(CpuManager.java:84)
23.05.2023 - 15:59:51 - 	at java.base/java.util.concurrent.Executors$RunnableAdapter.call(Executors.java:539)
23.05.2023 - 15:59:51 - 	at java.base/java.util.concurrent.FutureTask.run(FutureTask.java:264)
23.05.2023 - 15:59:51 - 	at java.base/java.util.concurrent.ScheduledThreadPoolExecutor$ScheduledFutureTask.run(ScheduledThreadPoolExecutor.java:304)
23.05.2023 - 15:59:51 - 	at java.base/java.util.concurrent.ThreadPoolExecutor.runWorker(ThreadPoolExecutor.java:1136)
23.05.2023 - 15:59:51 - 	at java.base/java.util.concurrent.ThreadPoolExecutor$Worker.run(ThreadPoolExecutor.java:635)
23.05.2023 - 15:59:51 - 	at java.base/java.lang.Thread.run(Thread.java:833)
23.05.2023 - 17:07:46 - [TAB v3.3.2] An error was thrown when executing task
23.05.2023 - 17:07:46 - java.lang.NullPointerException: Cannot invoke "me.neznamy.tab.shared.features.PlaceholderManagerImpl.getPlaceholder(String)" because the return value of "me.neznamy.tab.shared.TAB.getPlaceholderManager()" is null
23.05.2023 - 17:07:46 - 	at TAB.v3.3.2.jar//me.neznamy.tab.shared.placeholders.TabPlaceholder.setPlaceholders(TabPlaceholder.java:136)
23.05.2023 - 17:07:46 - 	at TAB.v3.3.2.jar//me.neznamy.tab.shared.placeholders.PlayerPlaceholderImpl.updateValue(PlayerPlaceholderImpl.java:85)
23.05.2023 - 17:07:46 - 	at TAB.v3.3.2.jar//me.neznamy.tab.shared.placeholders.PlayerPlaceholderImpl.lambda$updateValue$0(PlayerPlaceholderImpl.java:91)
23.05.2023 - 17:07:46 - 	at TAB.v3.3.2.jar//me.neznamy.tab.shared.CpuManager.lambda$submit$1(CpuManager.java:84)
23.05.2023 - 17:07:46 - 	at java.base/java.util.concurrent.Executors$RunnableAdapter.call(Executors.java:539)
23.05.2023 - 17:07:46 - 	at java.base/java.util.concurrent.FutureTask.run(FutureTask.java:264)
23.05.2023 - 17:07:46 - 	at java.base/java.util.concurrent.ScheduledThreadPoolExecutor$ScheduledFutureTask.run(ScheduledThreadPoolExecutor.java:304)
23.05.2023 - 17:07:46 - 	at java.base/java.util.concurrent.ThreadPoolExecutor.runWorker(ThreadPoolExecutor.java:1136)
23.05.2023 - 17:07:46 - 	at java.base/java.util.concurrent.ThreadPoolExecutor$Worker.run(ThreadPoolExecutor.java:635)
23.05.2023 - 17:07:46 - 	at java.base/java.lang.Thread.run(Thread.java:833)
23.05.2023 - 17:08:15 - [TAB v3.3.2] An error was thrown when executing task
23.05.2023 - 17:08:15 - java.lang.NullPointerException: Cannot invoke "me.neznamy.tab.shared.features.PlaceholderManagerImpl.getTabExpansion()" because the return value of "me.neznamy.tab.shared.TAB.getPlaceholderManager()" is null
23.05.2023 - 17:08:15 - 	at TAB.v3.3.2.jar//me.neznamy.tab.shared.placeholders.PlayerPlaceholderImpl.updateValue(PlayerPlaceholderImpl.java:88)
23.05.2023 - 17:08:15 - 	at TAB.v3.3.2.jar//me.neznamy.tab.shared.placeholders.PlayerPlaceholderImpl.lambda$updateValue$0(PlayerPlaceholderImpl.java:91)
23.05.2023 - 17:08:15 - 	at TAB.v3.3.2.jar//me.neznamy.tab.shared.CpuManager.lambda$submit$1(CpuManager.java:84)
23.05.2023 - 17:08:15 - 	at java.base/java.util.concurrent.Executors$RunnableAdapter.call(Executors.java:539)
23.05.2023 - 17:08:15 - 	at java.base/java.util.concurrent.FutureTask.run(FutureTask.java:264)
23.05.2023 - 17:08:15 - 	at java.base/java.util.concurrent.ScheduledThreadPoolExecutor$ScheduledFutureTask.run(ScheduledThreadPoolExecutor.java:304)
23.05.2023 - 17:08:15 - 	at java.base/java.util.concurrent.ThreadPoolExecutor.runWorker(ThreadPoolExecutor.java:1136)
23.05.2023 - 17:08:15 - 	at java.base/java.util.concurrent.ThreadPoolExecutor$Worker.run(ThreadPoolExecutor.java:635)
23.05.2023 - 17:08:15 - 	at java.base/java.lang.Thread.run(Thread.java:833)
23.05.2023 - 17:15:18 - [TAB v3.3.2] An error was thrown when executing task
23.05.2023 - 17:15:18 - java.lang.NullPointerException: null
23.05.2023 - 17:39:46 - [TAB v3.3.2] An error was thrown when executing task
23.05.2023 - 17:39:46 - java.lang.NullPointerException: Cannot invoke "me.neznamy.tab.shared.features.PlaceholderManagerImpl.getTabExpansion()" because the return value of "me.neznamy.tab.shared.TAB.getPlaceholderManager()" is null
23.05.2023 - 17:39:46 - 	at TAB.v3.3.2.jar//me.neznamy.tab.shared.placeholders.PlayerPlaceholderImpl.updateValue(PlayerPlaceholderImpl.java:88)
23.05.2023 - 17:39:46 - 	at TAB.v3.3.2.jar//me.neznamy.tab.shared.placeholders.PlayerPlaceholderImpl.lambda$updateValue$0(PlayerPlaceholderImpl.java:91)
23.05.2023 - 17:39:46 - 	at TAB.v3.3.2.jar//me.neznamy.tab.shared.CpuManager.lambda$submit$1(CpuManager.java:84)
23.05.2023 - 17:39:46 - 	at java.base/java.util.concurrent.Executors$RunnableAdapter.call(Executors.java:539)
23.05.2023 - 17:39:46 - 	at java.base/java.util.concurrent.FutureTask.run(FutureTask.java:264)
23.05.2023 - 17:39:46 - 	at java.base/java.util.concurrent.ScheduledThreadPoolExecutor$ScheduledFutureTask.run(ScheduledThreadPoolExecutor.java:304)
23.05.2023 - 17:39:46 - 	at java.base/java.util.concurrent.ThreadPoolExecutor.runWorker(ThreadPoolExecutor.java:1136)
23.05.2023 - 17:39:46 - 	at java.base/java.util.concurrent.ThreadPoolExecutor$Worker.run(ThreadPoolExecutor.java:635)
23.05.2023 - 17:39:46 - 	at java.base/java.lang.Thread.run(Thread.java:833)
23.05.2023 - 18:00:09 - [TAB v3.3.2] An error was thrown when executing task
23.05.2023 - 18:00:09 - java.lang.NullPointerException: null
23.05.2023 - 18:06:20 - [TAB v3.3.2] An error was thrown when executing task
23.05.2023 - 18:06:20 - java.lang.NullPointerException: Cannot invoke "me.neznamy.tab.shared.features.PlaceholderManagerImpl.getTabExpansion()" because the return value of "me.neznamy.tab.shared.TAB.getPlaceholderManager()" is null
23.05.2023 - 18:06:20 - 	at TAB.v3.3.2.jar//me.neznamy.tab.shared.placeholders.PlayerPlaceholderImpl.updateValue(PlayerPlaceholderImpl.java:88)
23.05.2023 - 18:06:20 - 	at TAB.v3.3.2.jar//me.neznamy.tab.shared.placeholders.PlayerPlaceholderImpl.lambda$updateValue$0(PlayerPlaceholderImpl.java:91)
23.05.2023 - 18:06:20 - 	at TAB.v3.3.2.jar//me.neznamy.tab.shared.CpuManager.lambda$submit$1(CpuManager.java:84)
23.05.2023 - 18:06:20 - 	at java.base/java.util.concurrent.Executors$RunnableAdapter.call(Executors.java:539)
23.05.2023 - 18:06:20 - 	at java.base/java.util.concurrent.FutureTask.run(FutureTask.java:264)
23.05.2023 - 18:06:20 - 	at java.base/java.util.concurrent.ScheduledThreadPoolExecutor$ScheduledFutureTask.run(ScheduledThreadPoolExecutor.java:304)
23.05.2023 - 18:06:20 - 	at java.base/java.util.concurrent.ThreadPoolExecutor.runWorker(ThreadPoolExecutor.java:1136)
23.05.2023 - 18:06:20 - 	at java.base/java.util.concurrent.ThreadPoolExecutor$Worker.run(ThreadPoolExecutor.java:635)
23.05.2023 - 18:06:20 - 	at java.base/java.lang.Thread.run(Thread.java:833)
23.05.2023 - 18:06:54 - [TAB v3.3.2] An error was thrown when executing task
23.05.2023 - 18:06:54 - java.lang.NullPointerException: null
23.05.2023 - 18:07:04 - [TAB v3.3.2] An error was thrown when executing task
23.05.2023 - 18:07:04 - java.lang.NullPointerException: Cannot invoke "me.neznamy.tab.shared.features.PlaceholderManagerImpl.getTabExpansion()" because the return value of "me.neznamy.tab.shared.TAB.getPlaceholderManager()" is null
23.05.2023 - 18:07:04 - 	at TAB.v3.3.2.jar//me.neznamy.tab.shared.placeholders.PlayerPlaceholderImpl.updateValue(PlayerPlaceholderImpl.java:88)
23.05.2023 - 18:07:04 - 	at TAB.v3.3.2.jar//me.neznamy.tab.shared.placeholders.PlayerPlaceholderImpl.lambda$updateValue$0(PlayerPlaceholderImpl.java:91)
23.05.2023 - 18:07:04 - 	at TAB.v3.3.2.jar//me.neznamy.tab.shared.CpuManager.lambda$submit$1(CpuManager.java:84)
23.05.2023 - 18:07:04 - 	at java.base/java.util.concurrent.Executors$RunnableAdapter.call(Executors.java:539)
23.05.2023 - 18:07:04 - 	at java.base/java.util.concurrent.FutureTask.run(FutureTask.java:264)
23.05.2023 - 18:07:04 - 	at java.base/java.util.concurrent.ScheduledThreadPoolExecutor$ScheduledFutureTask.run(ScheduledThreadPoolExecutor.java:304)
23.05.2023 - 18:07:04 - 	at java.base/java.util.concurrent.ThreadPoolExecutor.runWorker(ThreadPoolExecutor.java:1136)
23.05.2023 - 18:07:04 - 	at java.base/java.util.concurrent.ThreadPoolExecutor$Worker.run(ThreadPoolExecutor.java:635)
23.05.2023 - 18:07:04 - 	at java.base/java.lang.Thread.run(Thread.java:833)
23.05.2023 - 18:07:08 - [TAB v3.3.2] An error was thrown when executing task
23.05.2023 - 18:07:08 - java.lang.NullPointerException: Cannot invoke "me.neznamy.tab.shared.features.PlaceholderManagerImpl.getTabExpansion()" because the return value of "me.neznamy.tab.shared.TAB.getPlaceholderManager()" is null
23.05.2023 - 18:07:08 - 	at TAB.v3.3.2.jar//me.neznamy.tab.shared.placeholders.PlayerPlaceholderImpl.updateValue(PlayerPlaceholderImpl.java:88)
23.05.2023 - 18:07:08 - 	at TAB.v3.3.2.jar//me.neznamy.tab.shared.placeholders.PlayerPlaceholderImpl.lambda$updateValue$0(PlayerPlaceholderImpl.java:91)
23.05.2023 - 18:07:08 - 	at TAB.v3.3.2.jar//me.neznamy.tab.shared.CpuManager.lambda$submit$1(CpuManager.java:84)
23.05.2023 - 18:07:08 - 	at java.base/java.util.concurrent.Executors$RunnableAdapter.call(Executors.java:539)
23.05.2023 - 18:07:08 - 	at java.base/java.util.concurrent.FutureTask.run(FutureTask.java:264)
23.05.2023 - 18:07:08 - 	at java.base/java.util.concurrent.ScheduledThreadPoolExecutor$ScheduledFutureTask.run(ScheduledThreadPoolExecutor.java:304)
23.05.2023 - 18:07:08 - 	at java.base/java.util.concurrent.ThreadPoolExecutor.runWorker(ThreadPoolExecutor.java:1136)
23.05.2023 - 18:07:08 - 	at java.base/java.util.concurrent.ThreadPoolExecutor$Worker.run(ThreadPoolExecutor.java:635)
23.05.2023 - 18:07:08 - 	at java.base/java.lang.Thread.run(Thread.java:833)
23.05.2023 - 18:07:28 - [TAB v3.3.2] An error was thrown when executing task
23.05.2023 - 18:07:28 - java.lang.NullPointerException: null
23.05.2023 - 18:09:52 - [TAB v3.3.2] An error was thrown when executing task
23.05.2023 - 18:09:52 - java.lang.NullPointerException: Cannot invoke "me.neznamy.tab.api.placeholder.PlaceholderManager.detectPlaceholders(String)" because the return value of "me.neznamy.tab.api.TabAPI.getPlaceholderManager()" is null
23.05.2023 - 18:09:52 - 	at TAB.v3.3.2.jar//me.neznamy.tab.shared.placeholders.TabPlaceholder.getNestedPlaceholders(TabPlaceholder.java:100)
23.05.2023 - 18:09:52 - 	at TAB.v3.3.2.jar//me.neznamy.tab.shared.placeholders.TabPlaceholder.setPlaceholders(TabPlaceholder.java:134)
23.05.2023 - 18:09:52 - 	at TAB.v3.3.2.jar//me.neznamy.tab.shared.placeholders.TabPlaceholder.set(TabPlaceholder.java:88)
23.05.2023 - 18:09:52 - 	at TAB.v3.3.2.jar//me.neznamy.tab.shared.placeholders.TabPlaceholder.setPlaceholders(TabPlaceholder.java:136)
23.05.2023 - 18:09:52 - 	at TAB.v3.3.2.jar//me.neznamy.tab.shared.placeholders.PlayerPlaceholderImpl.updateValue(PlayerPlaceholderImpl.java:85)
23.05.2023 - 18:09:52 - 	at TAB.v3.3.2.jar//me.neznamy.tab.shared.placeholders.PlayerPlaceholderImpl.lambda$updateValue$0(PlayerPlaceholderImpl.java:91)
23.05.2023 - 18:09:52 - 	at TAB.v3.3.2.jar//me.neznamy.tab.shared.CpuManager.lambda$submit$1(CpuManager.java:84)
23.05.2023 - 18:09:52 - 	at java.base/java.util.concurrent.Executors$RunnableAdapter.call(Executors.java:539)
23.05.2023 - 18:09:52 - 	at java.base/java.util.concurrent.FutureTask.run(FutureTask.java:264)
23.05.2023 - 18:09:52 - 	at java.base/java.util.concurrent.ScheduledThreadPoolExecutor$ScheduledFutureTask.run(ScheduledThreadPoolExecutor.java:304)
23.05.2023 - 18:09:52 - 	at java.base/java.util.concurrent.ThreadPoolExecutor.runWorker(ThreadPoolExecutor.java:1136)
23.05.2023 - 18:09:52 - 	at java.base/java.util.concurrent.ThreadPoolExecutor$Worker.run(ThreadPoolExecutor.java:635)
23.05.2023 - 18:09:52 - 	at java.base/java.lang.Thread.run(Thread.java:833)
23.05.2023 - 18:10:33 - [TAB v3.3.2] An error was thrown when executing task
23.05.2023 - 18:10:33 - java.lang.NullPointerException: null
23.05.2023 - 18:11:03 - [TAB v3.3.2] An error was thrown when executing task
23.05.2023 - 18:11:03 - java.lang.NullPointerException: null
23.05.2023 - 18:11:11 - [TAB v3.3.2] An error was thrown when executing task
23.05.2023 - 18:11:11 - java.lang.NullPointerException: null
23.05.2023 - 18:11:15 - [TAB v3.3.2] An error was thrown when executing task
23.05.2023 - 18:11:15 - java.lang.NullPointerException: null
23.05.2023 - 18:18:12 - [TAB v3.3.2] An error was thrown when executing task
23.05.2023 - 18:18:12 - java.lang.NullPointerException: null
23.05.2023 - 18:21:51 - [TAB v3.3.2] An error was thrown when executing task
23.05.2023 - 18:21:51 - java.lang.NullPointerException: null
24.05.2023 - 12:45:13 - [TAB v3.3.2] An error was thrown when executing task
24.05.2023 - 12:45:13 - java.lang.NullPointerException: Cannot invoke "me.neznamy.tab.shared.features.PlaceholderManagerImpl.getTabExpansion()" because the return value of "me.neznamy.tab.shared.TAB.getPlaceholderManager()" is null
24.05.2023 - 12:45:13 - 	at TAB.v3.3.2.jar//me.neznamy.tab.shared.placeholders.PlayerPlaceholderImpl.updateValue(PlayerPlaceholderImpl.java:88)
24.05.2023 - 12:45:13 - 	at TAB.v3.3.2.jar//me.neznamy.tab.shared.placeholders.PlayerPlaceholderImpl.lambda$updateValue$0(PlayerPlaceholderImpl.java:91)
24.05.2023 - 12:45:13 - 	at TAB.v3.3.2.jar//me.neznamy.tab.shared.CpuManager.lambda$submit$1(CpuManager.java:84)
24.05.2023 - 12:45:13 - 	at java.base/java.util.concurrent.Executors$RunnableAdapter.call(Executors.java:539)
24.05.2023 - 12:45:13 - 	at java.base/java.util.concurrent.FutureTask.run(FutureTask.java:264)
24.05.2023 - 12:45:13 - 	at java.base/java.util.concurrent.ScheduledThreadPoolExecutor$ScheduledFutureTask.run(ScheduledThreadPoolExecutor.java:304)
24.05.2023 - 12:45:13 - 	at java.base/java.util.concurrent.ThreadPoolExecutor.runWorker(ThreadPoolExecutor.java:1136)
24.05.2023 - 12:45:13 - 	at java.base/java.util.concurrent.ThreadPoolExecutor$Worker.run(ThreadPoolExecutor.java:635)
24.05.2023 - 12:45:13 - 	at java.base/java.lang.Thread.run(Thread.java:833)
24.05.2023 - 12:51:59 - [TAB v3.3.2] An error was thrown when executing task
24.05.2023 - 12:51:59 - java.lang.NullPointerException: Cannot invoke "me.neznamy.tab.shared.features.PlaceholderManagerImpl.getPlaceholder(String)" because the return value of "me.neznamy.tab.shared.TAB.getPlaceholderManager()" is null
24.05.2023 - 12:51:59 - 	at TAB.v3.3.2.jar//me.neznamy.tab.shared.placeholders.TabPlaceholder.setPlaceholders(TabPlaceholder.java:136)
24.05.2023 - 12:51:59 - 	at TAB.v3.3.2.jar//me.neznamy.tab.shared.placeholders.PlayerPlaceholderImpl.updateValue(PlayerPlaceholderImpl.java:85)
24.05.2023 - 12:51:59 - 	at TAB.v3.3.2.jar//me.neznamy.tab.shared.placeholders.PlayerPlaceholderImpl.lambda$updateValue$0(PlayerPlaceholderImpl.java:91)
24.05.2023 - 12:51:59 - 	at TAB.v3.3.2.jar//me.neznamy.tab.shared.CpuManager.lambda$submit$1(CpuManager.java:84)
24.05.2023 - 12:51:59 - 	at java.base/java.util.concurrent.Executors$RunnableAdapter.call(Executors.java:539)
24.05.2023 - 12:51:59 - 	at java.base/java.util.concurrent.FutureTask.run(FutureTask.java:264)
24.05.2023 - 12:51:59 - 	at java.base/java.util.concurrent.ScheduledThreadPoolExecutor$ScheduledFutureTask.run(ScheduledThreadPoolExecutor.java:304)
24.05.2023 - 12:51:59 - 	at java.base/java.util.concurrent.ThreadPoolExecutor.runWorker(ThreadPoolExecutor.java:1136)
24.05.2023 - 12:51:59 - 	at java.base/java.util.concurrent.ThreadPoolExecutor$Worker.run(ThreadPoolExecutor.java:635)
24.05.2023 - 12:51:59 - 	at java.base/java.lang.Thread.run(Thread.java:833)
24.05.2023 - 12:53:45 - [TAB v3.3.2] An error was thrown when executing task
24.05.2023 - 12:53:45 - java.lang.NullPointerException: Cannot invoke "me.neznamy.tab.shared.features.PlaceholderManagerImpl.getTabExpansion()" because the return value of "me.neznamy.tab.shared.TAB.getPlaceholderManager()" is null
24.05.2023 - 12:53:45 - 	at TAB.v3.3.2.jar//me.neznamy.tab.shared.placeholders.PlayerPlaceholderImpl.updateValue(PlayerPlaceholderImpl.java:88)
24.05.2023 - 12:53:45 - 	at TAB.v3.3.2.jar//me.neznamy.tab.shared.placeholders.PlayerPlaceholderImpl.lambda$updateValue$0(PlayerPlaceholderImpl.java:91)
24.05.2023 - 12:53:45 - 	at TAB.v3.3.2.jar//me.neznamy.tab.shared.CpuManager.lambda$submit$1(CpuManager.java:84)
24.05.2023 - 12:53:45 - 	at java.base/java.util.concurrent.Executors$RunnableAdapter.call(Executors.java:539)
24.05.2023 - 12:53:45 - 	at java.base/java.util.concurrent.FutureTask.run(FutureTask.java:264)
24.05.2023 - 12:53:45 - 	at java.base/java.util.concurrent.ScheduledThreadPoolExecutor$ScheduledFutureTask.run(ScheduledThreadPoolExecutor.java:304)
24.05.2023 - 12:53:45 - 	at java.base/java.util.concurrent.ThreadPoolExecutor.runWorker(ThreadPoolExecutor.java:1136)
24.05.2023 - 12:53:45 - 	at java.base/java.util.concurrent.ThreadPoolExecutor$Worker.run(ThreadPoolExecutor.java:635)
24.05.2023 - 12:53:45 - 	at java.base/java.lang.Thread.run(Thread.java:833)
24.05.2023 - 12:53:56 - [TAB v3.3.2] An error was thrown when executing task
24.05.2023 - 12:53:56 - java.lang.NullPointerException: Cannot invoke "me.neznamy.tab.shared.features.PlaceholderManagerImpl.getPlaceholder(String)" because the return value of "me.neznamy.tab.shared.TAB.getPlaceholderManager()" is null
24.05.2023 - 12:53:56 - 	at TAB.v3.3.2.jar//me.neznamy.tab.shared.placeholders.TabPlaceholder.setPlaceholders(TabPlaceholder.java:136)
24.05.2023 - 12:53:56 - 	at TAB.v3.3.2.jar//me.neznamy.tab.shared.placeholders.PlayerPlaceholderImpl.updateValue(PlayerPlaceholderImpl.java:85)
24.05.2023 - 12:53:56 - 	at TAB.v3.3.2.jar//me.neznamy.tab.shared.placeholders.PlayerPlaceholderImpl.lambda$updateValue$0(PlayerPlaceholderImpl.java:91)
24.05.2023 - 12:53:56 - 	at TAB.v3.3.2.jar//me.neznamy.tab.shared.CpuManager.lambda$submit$1(CpuManager.java:84)
24.05.2023 - 12:53:56 - 	at java.base/java.util.concurrent.Executors$RunnableAdapter.call(Executors.java:539)
24.05.2023 - 12:53:56 - 	at java.base/java.util.concurrent.FutureTask.run(FutureTask.java:264)
24.05.2023 - 12:53:56 - 	at java.base/java.util.concurrent.ScheduledThreadPoolExecutor$ScheduledFutureTask.run(ScheduledThreadPoolExecutor.java:304)
24.05.2023 - 12:53:56 - 	at java.base/java.util.concurrent.ThreadPoolExecutor.runWorker(ThreadPoolExecutor.java:1136)
24.05.2023 - 12:53:56 - 	at java.base/java.util.concurrent.ThreadPoolExecutor$Worker.run(ThreadPoolExecutor.java:635)
24.05.2023 - 12:53:56 - 	at java.base/java.lang.Thread.run(Thread.java:833)
24.05.2023 - 12:56:48 - [TAB v3.3.2] An error was thrown when executing task
24.05.2023 - 12:56:48 - java.lang.NullPointerException: Cannot invoke "me.neznamy.tab.shared.features.PlaceholderManagerImpl.getTabExpansion()" because the return value of "me.neznamy.tab.shared.TAB.getPlaceholderManager()" is null
24.05.2023 - 12:56:48 - 	at TAB.v3.3.2.jar//me.neznamy.tab.shared.placeholders.PlayerPlaceholderImpl.updateValue(PlayerPlaceholderImpl.java:88)
24.05.2023 - 12:56:48 - 	at TAB.v3.3.2.jar//me.neznamy.tab.shared.placeholders.PlayerPlaceholderImpl.lambda$updateValue$0(PlayerPlaceholderImpl.java:91)
24.05.2023 - 12:56:48 - 	at TAB.v3.3.2.jar//me.neznamy.tab.shared.CpuManager.lambda$submit$1(CpuManager.java:84)
24.05.2023 - 12:56:48 - 	at java.base/java.util.concurrent.Executors$RunnableAdapter.call(Executors.java:539)
24.05.2023 - 12:56:48 - 	at java.base/java.util.concurrent.FutureTask.run(FutureTask.java:264)
24.05.2023 - 12:56:48 - 	at java.base/java.util.concurrent.ScheduledThreadPoolExecutor$ScheduledFutureTask.run(ScheduledThreadPoolExecutor.java:304)
24.05.2023 - 12:56:48 - 	at java.base/java.util.concurrent.ThreadPoolExecutor.runWorker(ThreadPoolExecutor.java:1136)
24.05.2023 - 12:56:48 - 	at java.base/java.util.concurrent.ThreadPoolExecutor$Worker.run(ThreadPoolExecutor.java:635)
24.05.2023 - 12:56:48 - 	at java.base/java.lang.Thread.run(Thread.java:833)
24.05.2023 - 13:05:24 - [TAB v3.3.2] An error was thrown when executing task
24.05.2023 - 13:05:24 - java.lang.NullPointerException: Cannot invoke "me.neznamy.tab.shared.features.PlaceholderManagerImpl.getTabExpansion()" because the return value of "me.neznamy.tab.shared.TAB.getPlaceholderManager()" is null
24.05.2023 - 13:05:24 - 	at TAB.v3.3.2.jar//me.neznamy.tab.shared.placeholders.PlayerPlaceholderImpl.updateValue(PlayerPlaceholderImpl.java:88)
24.05.2023 - 13:05:24 - 	at TAB.v3.3.2.jar//me.neznamy.tab.shared.placeholders.PlayerPlaceholderImpl.lambda$updateValue$0(PlayerPlaceholderImpl.java:91)
24.05.2023 - 13:05:24 - 	at TAB.v3.3.2.jar//me.neznamy.tab.shared.CpuManager.lambda$submit$1(CpuManager.java:84)
24.05.2023 - 13:05:24 - 	at java.base/java.util.concurrent.Executors$RunnableAdapter.call(Executors.java:539)
24.05.2023 - 13:05:24 - 	at java.base/java.util.concurrent.FutureTask.run(FutureTask.java:264)
24.05.2023 - 13:05:24 - 	at java.base/java.util.concurrent.ScheduledThreadPoolExecutor$ScheduledFutureTask.run(ScheduledThreadPoolExecutor.java:304)
24.05.2023 - 13:05:24 - 	at java.base/java.util.concurrent.ThreadPoolExecutor.runWorker(ThreadPoolExecutor.java:1136)
24.05.2023 - 13:05:24 - 	at java.base/java.util.concurrent.ThreadPoolExecutor$Worker.run(ThreadPoolExecutor.java:635)
24.05.2023 - 13:05:24 - 	at java.base/java.lang.Thread.run(Thread.java:833)
24.05.2023 - 13:12:48 - [TAB v3.3.2] An error was thrown when executing task
24.05.2023 - 13:12:48 - java.lang.NullPointerException: Cannot invoke "me.neznamy.tab.shared.features.PlaceholderManagerImpl.getPlaceholder(String)" because the return value of "me.neznamy.tab.shared.TAB.getPlaceholderManager()" is null
24.05.2023 - 13:12:48 - 	at TAB.v3.3.2.jar//me.neznamy.tab.shared.placeholders.TabPlaceholder.setPlaceholders(TabPlaceholder.java:136)
24.05.2023 - 13:12:48 - 	at TAB.v3.3.2.jar//me.neznamy.tab.shared.placeholders.PlayerPlaceholderImpl.updateValue(PlayerPlaceholderImpl.java:85)
24.05.2023 - 13:12:48 - 	at TAB.v3.3.2.jar//me.neznamy.tab.shared.placeholders.PlayerPlaceholderImpl.lambda$updateValue$0(PlayerPlaceholderImpl.java:91)
24.05.2023 - 13:12:48 - 	at TAB.v3.3.2.jar//me.neznamy.tab.shared.CpuManager.lambda$submit$1(CpuManager.java:84)
24.05.2023 - 13:12:48 - 	at java.base/java.util.concurrent.Executors$RunnableAdapter.call(Executors.java:539)
24.05.2023 - 13:12:48 - 	at java.base/java.util.concurrent.FutureTask.run(FutureTask.java:264)
24.05.2023 - 13:12:48 - 	at java.base/java.util.concurrent.ScheduledThreadPoolExecutor$ScheduledFutureTask.run(ScheduledThreadPoolExecutor.java:304)
24.05.2023 - 13:12:48 - 	at java.base/java.util.concurrent.ThreadPoolExecutor.runWorker(ThreadPoolExecutor.java:1136)
24.05.2023 - 13:12:48 - 	at java.base/java.util.concurrent.ThreadPoolExecutor$Worker.run(ThreadPoolExecutor.java:635)
24.05.2023 - 13:12:48 - 	at java.base/java.lang.Thread.run(Thread.java:833)
24.05.2023 - 13:53:09 - [TAB v3.3.2] An error was thrown when executing task
24.05.2023 - 13:53:09 - java.lang.NullPointerException: Cannot invoke "me.neznamy.tab.shared.features.PlaceholderManagerImpl.getPlaceholder(String)" because the return value of "me.neznamy.tab.shared.TAB.getPlaceholderManager()" is null
24.05.2023 - 13:53:09 - 	at TAB.v3.3.2.jar//me.neznamy.tab.shared.placeholders.TabPlaceholder.setPlaceholders(TabPlaceholder.java:136)
24.05.2023 - 13:53:09 - 	at TAB.v3.3.2.jar//me.neznamy.tab.shared.placeholders.PlayerPlaceholderImpl.updateValue(PlayerPlaceholderImpl.java:85)
24.05.2023 - 13:53:09 - 	at TAB.v3.3.2.jar//me.neznamy.tab.shared.placeholders.PlayerPlaceholderImpl.lambda$updateValue$0(PlayerPlaceholderImpl.java:91)
24.05.2023 - 13:53:09 - 	at TAB.v3.3.2.jar//me.neznamy.tab.shared.CpuManager.lambda$submit$1(CpuManager.java:84)
24.05.2023 - 13:53:09 - 	at java.base/java.util.concurrent.Executors$RunnableAdapter.call(Executors.java:539)
24.05.2023 - 13:53:09 - 	at java.base/java.util.concurrent.FutureTask.run(FutureTask.java:264)
24.05.2023 - 13:53:09 - 	at java.base/java.util.concurrent.ScheduledThreadPoolExecutor$ScheduledFutureTask.run(ScheduledThreadPoolExecutor.java:304)
24.05.2023 - 13:53:09 - 	at java.base/java.util.concurrent.ThreadPoolExecutor.runWorker(ThreadPoolExecutor.java:1136)
24.05.2023 - 13:53:09 - 	at java.base/java.util.concurrent.ThreadPoolExecutor$Worker.run(ThreadPoolExecutor.java:635)
24.05.2023 - 13:53:09 - 	at java.base/java.lang.Thread.run(Thread.java:833)
24.05.2023 - 13:54:31 - [TAB v3.3.2] An error was thrown when executing task
24.05.2023 - 13:54:31 - java.lang.NullPointerException: Cannot invoke "me.neznamy.tab.shared.features.PlaceholderManagerImpl.getTabExpansion()" because the return value of "me.neznamy.tab.shared.TAB.getPlaceholderManager()" is null
24.05.2023 - 13:54:31 - 	at TAB.v3.3.2.jar//me.neznamy.tab.shared.placeholders.PlayerPlaceholderImpl.updateValue(PlayerPlaceholderImpl.java:88)
24.05.2023 - 13:54:31 - 	at TAB.v3.3.2.jar//me.neznamy.tab.shared.placeholders.PlayerPlaceholderImpl.lambda$updateValue$0(PlayerPlaceholderImpl.java:91)
24.05.2023 - 13:54:31 - 	at TAB.v3.3.2.jar//me.neznamy.tab.shared.CpuManager.lambda$submit$1(CpuManager.java:84)
24.05.2023 - 13:54:31 - 	at java.base/java.util.concurrent.Executors$RunnableAdapter.call(Executors.java:539)
24.05.2023 - 13:54:31 - 	at java.base/java.util.concurrent.FutureTask.run(FutureTask.java:264)
24.05.2023 - 13:54:31 - 	at java.base/java.util.concurrent.ScheduledThreadPoolExecutor$ScheduledFutureTask.run(ScheduledThreadPoolExecutor.java:304)
24.05.2023 - 13:54:31 - 	at java.base/java.util.concurrent.ThreadPoolExecutor.runWorker(ThreadPoolExecutor.java:1136)
24.05.2023 - 13:54:31 - 	at java.base/java.util.concurrent.ThreadPoolExecutor$Worker.run(ThreadPoolExecutor.java:635)
24.05.2023 - 13:54:31 - 	at java.base/java.lang.Thread.run(Thread.java:833)
24.05.2023 - 17:01:48 - [TAB v3.3.2] An error was thrown when executing task
24.05.2023 - 17:01:48 - java.lang.NullPointerException: Cannot invoke "me.neznamy.tab.api.placeholder.PlaceholderManager.detectPlaceholders(String)" because the return value of "me.neznamy.tab.api.TabAPI.getPlaceholderManager()" is null
24.05.2023 - 17:01:48 - 	at [??Fn] TAB.v3.3.2.jar//me.neznamy.tab.shared.placeholders.TabPlaceholder.getNestedPlaceholders(TabPlaceholder.java:100)
24.05.2023 - 17:01:48 - 	at [??Fn] TAB.v3.3.2.jar//me.neznamy.tab.shared.placeholders.TabPlaceholder.setPlaceholders(TabPlaceholder.java:134)
24.05.2023 - 17:01:48 - 	at [??Fn] TAB.v3.3.2.jar//me.neznamy.tab.shared.placeholders.PlayerPlaceholderImpl.updateValue(PlayerPlaceholderImpl.java:85)
24.05.2023 - 17:01:48 - 	at [??Fn] TAB.v3.3.2.jar//me.neznamy.tab.shared.placeholders.PlayerPlaceholderImpl.lambda$updateValue$0(PlayerPlaceholderImpl.java:91)
24.05.2023 - 17:01:48 - 	at [??Fn] TAB.v3.3.2.jar//me.neznamy.tab.shared.CpuManager.lambda$submit$1(CpuManager.java:84)
24.05.2023 - 17:01:48 - 	at java.base/java.util.concurrent.Executors$RunnableAdapter.call(Executors.java:539)
24.05.2023 - 17:01:48 - 	at java.base/java.util.concurrent.FutureTask.run(FutureTask.java:264)
24.05.2023 - 17:01:48 - 	at java.base/java.util.concurrent.ScheduledThreadPoolExecutor$ScheduledFutureTask.run(ScheduledThreadPoolExecutor.java:304)
24.05.2023 - 17:01:48 - 	at java.base/java.util.concurrent.ThreadPoolExecutor.runWorker(ThreadPoolExecutor.java:1136)
24.05.2023 - 17:01:48 - 	at java.base/java.util.concurrent.ThreadPoolExecutor$Worker.run(ThreadPoolExecutor.java:635)
24.05.2023 - 17:01:48 - 	at java.base/java.lang.Thread.run(Thread.java:833)
